Started GET "/" for 127.0.0.1 at 2024-10-29 18:21:20 -0300
Processing by PagesController#index as HTML
  Rendering layout layouts/application.html.erb
  Rendering pages/index.html.erb within layouts/application
  Rendered pages/index.html.erb within layouts/application (Duration: 111.9ms | GC: 15.5ms)
  Rendered layout layouts/application.html.erb (Duration: 112.2ms | GC: 15.5ms)
Completed 500 Internal Server Error in 130ms (GC: 16.2ms)


  
ActionView::Template::Error (Asset `manifest.json` was not declared to be precompiled in production.
Declare links to your assets in `app/assets/config/manifest.js`.

  //= link manifest.json

and restart your server):

Causes:
Sprockets::Rails::Helper::AssetNotPrecompiledError (Asset `manifest.json` was not declared to be precompiled in production.
Declare links to your assets in `app/assets/config/manifest.js`.

  //= link manifest.json

and restart your server)
     6:   <meta name="apple-mobile-web-app-capable" content="yes">
     7:   <meta name="apple-mobile-web-app-status-bar-style" content="black-translucent">
     8:   <title>Cálculo de Costos de Pastelería</title>
     9:   <link rel="manifest" href="<%= asset_path 'manifest.json' %>">
    10:   <style>
    11:     body {
    12:       font-family: Arial, sans-serif;
  
app/views/pages/index.html.erb:9
Started GET "/favicon.ico" for 127.0.0.1 at 2024-10-29 18:21:20 -0300
  
ActionController::RoutingError (No route matches [GET] "/favicon.ico"):
  
Started GET "/" for 127.0.0.1 at 2024-10-29 18:22:04 -0300
Processing by PagesController#index as HTML
  Rendering layout layouts/application.html.erb
  Rendering pages/index.html.erb within layouts/application
  Rendered pages/index.html.erb within layouts/application (Duration: 10.0ms | GC: 0.0ms)
  Rendered layout layouts/application.html.erb (Duration: 11.4ms | GC: 0.1ms)
Completed 200 OK in 12ms (Views: 11.6ms | GC: 0.1ms)


Started GET "/manifest.json" for 127.0.0.1 at 2024-10-29 18:22:04 -0300
  
ActionController::RoutingError (No route matches [GET] "/manifest.json"):
  
Started GET "/service-worker.js" for 127.0.0.1 at 2024-10-29 18:22:04 -0300
  
ActionController::RoutingError (No route matches [GET] "/service-worker.js"):
  
